2025-04-02 21:30:18,794 - root - INFO - Запуск анализа импортов в директории: .
2025-04-02 21:30:19,197 - root - INFO - Найдено 35 Python файлов для анализа
2025-04-02 21:30:19,336 - root - INFO - Получен список установленных пакетов: 134 пакетов
2025-04-02 21:30:19,336 - root - INFO - Поиск неиспользуемых импортов...
2025-04-02 21:30:19,421 - root - INFO - Найдено 66 неиспользуемых импортов в 21 файлах
2025-04-02 21:30:19,421 - root - INFO - Проверка отсутствующих зависимостей...
2025-04-02 21:30:19,503 - root - INFO - Найдено 79 отсутствующих зависимостей в 19 файлах
2025-04-02 21:30:19,503 - root - INFO - Поиск циклических зависимостей...
2025-04-02 21:30:19,580 - root - INFO - Найдено 0 циклических зависимостей
2025-04-02 21:30:19,585 - root - INFO - Отчет сохранен в файл: unused_imports.txt
2025-04-02 21:39:58,034 - root - INFO - Запуск анализа импортов в директории: .
2025-04-02 21:39:58,395 - root - INFO - Найдено 36 Python файлов для анализа
2025-04-02 21:39:58,544 - root - INFO - Получен список установленных пакетов: 134 пакетов
2025-04-02 21:39:58,544 - root - INFO - Поиск неиспользуемых импортов...
2025-04-02 21:39:58,625 - root - INFO - Найдено 2 неиспользуемых импортов в 2 файлах
2025-04-02 21:39:58,625 - root - INFO - Проверка отсутствующих зависимостей...
2025-04-02 21:39:58,706 - root - INFO - Найдено 68 отсутствующих зависимостей в 18 файлах
2025-04-02 21:39:58,706 - root - INFO - Поиск циклических зависимостей...
2025-04-02 21:39:58,782 - root - INFO - Найдено 0 циклических зависимостей
2025-04-02 21:39:58,782 - root - INFO - Отчет сохранен в файл: unused_imports.txt
2025-04-02 21:48:22,866 - root - INFO - Запуск анализа импортов в директории: .
2025-04-02 21:48:23,227 - root - INFO - Найдено 36 Python файлов для анализа
2025-04-02 21:48:23,351 - root - INFO - Получен список установленных пакетов: 134 пакетов
2025-04-02 21:48:23,351 - root - INFO - Поиск неиспользуемых импортов...
2025-04-02 21:48:23,433 - root - INFO - Найдено 5 неиспользуемых импортов в 3 файлах
2025-04-02 21:48:23,433 - root - INFO - Проверка отсутствующих зависимостей...
2025-04-02 21:48:23,514 - root - INFO - Найдено 69 отсутствующих зависимостей в 19 файлах
2025-04-02 21:48:23,514 - root - INFO - Поиск циклических зависимостей...
2025-04-02 21:48:23,591 - root - INFO - Найдено 0 циклических зависимостей
2025-04-02 21:48:23,592 - root - INFO - Отчет сохранен в файл: unused_imports.txt
2025-04-02 21:57:06,076 - root - INFO - Запуск анализа импортов в директории: .
2025-04-02 21:57:06,453 - root - INFO - Найдено 36 Python файлов для анализа
2025-04-02 21:57:06,577 - root - INFO - Получен список установленных пакетов: 134 пакетов
2025-04-02 21:57:06,577 - root - INFO - Поиск неиспользуемых импортов...
2025-04-02 21:57:06,663 - root - INFO - Найдено 2 неиспользуемых импортов в 2 файлах
2025-04-02 21:57:06,663 - root - INFO - Проверка отсутствующих зависимостей...
2025-04-02 21:57:06,742 - root - INFO - Найдено 68 отсутствующих зависимостей в 18 файлах
2025-04-02 21:57:06,742 - root - INFO - Поиск циклических зависимостей...
2025-04-02 21:57:06,819 - root - INFO - Найдено 0 циклических зависимостей
2025-04-02 21:57:06,819 - root - INFO - Отчет сохранен в файл: unused_imports.txt
2025-04-03 10:05:26,915 - root - INFO - Запуск анализа импортов в директории: .
2025-04-03 10:05:27,398 - root - INFO - Найдено 39 Python файлов для анализа
2025-04-03 10:05:27,545 - root - INFO - Получен список установленных пакетов: 134 пакетов
2025-04-03 10:05:27,545 - root - INFO - Поиск неиспользуемых импортов...
2025-04-03 10:05:27,555 - root - ERROR - Синтаксическая ошибка в файле bellman_ford.py: invalid syntax (<unknown>, line 662)
2025-04-03 10:05:27,563 - root - ERROR - Синтаксическая ошибка в файле check_common_errors.py: invalid syntax (<unknown>, line 420)
2025-04-03 10:05:27,565 - root - ERROR - Синтаксическая ошибка в файле check_common_errors_new.py: invalid syntax (<unknown>, line 351)
2025-04-03 10:05:27,649 - root - INFO - Найдено 29 неиспользуемых импортов в 8 файлах
2025-04-03 10:05:27,649 - root - INFO - Проверка отсутствующих зависимостей...
2025-04-03 10:05:27,660 - root - ERROR - Синтаксическая ошибка в файле bellman_ford.py: invalid syntax (<unknown>, line 662)
2025-04-03 10:05:27,666 - root - ERROR - Синтаксическая ошибка в файле check_common_errors.py: invalid syntax (<unknown>, line 420)
2025-04-03 10:05:27,669 - root - ERROR - Синтаксическая ошибка в файле check_common_errors_new.py: invalid syntax (<unknown>, line 351)
2025-04-03 10:05:27,756 - root - INFO - Найдено 73 отсутствующих зависимостей в 19 файлах
2025-04-03 10:05:27,756 - root - INFO - Поиск циклических зависимостей...
2025-04-03 10:05:27,766 - root - ERROR - Синтаксическая ошибка в файле bellman_ford.py: invalid syntax (<unknown>, line 662)
2025-04-03 10:05:27,772 - root - ERROR - Синтаксическая ошибка в файле check_common_errors.py: invalid syntax (<unknown>, line 420)
2025-04-03 10:05:27,776 - root - ERROR - Синтаксическая ошибка в файле check_common_errors_new.py: invalid syntax (<unknown>, line 351)
2025-04-03 10:05:27,861 - root - INFO - Найдено 0 циклических зависимостей
2025-04-03 10:05:27,863 - root - INFO - Отчет сохранен в файл: unused_imports.txt
2025-04-03 10:20:34,053 - root - INFO - Запуск анализа импортов в директории: .
2025-04-03 10:20:34,532 - root - INFO - Найдено 39 Python файлов для анализа
2025-04-03 10:20:34,661 - root - INFO - Получен список установленных пакетов: 134 пакетов
2025-04-03 10:20:34,661 - root - INFO - Поиск неиспользуемых импортов...
2025-04-03 10:20:34,672 - root - ERROR - Синтаксическая ошибка в файле bellman_ford.py: invalid syntax (<unknown>, line 662)
2025-04-03 10:20:34,679 - root - ERROR - Синтаксическая ошибка в файле check_common_errors.py: invalid syntax (<unknown>, line 420)
2025-04-03 10:20:34,681 - root - ERROR - Синтаксическая ошибка в файле check_common_errors_new.py: invalid syntax (<unknown>, line 351)
2025-04-03 10:20:34,767 - root - INFO - Найдено 29 неиспользуемых импортов в 8 файлах
2025-04-03 10:20:34,767 - root - INFO - Проверка отсутствующих зависимостей...
2025-04-03 10:20:34,778 - root - ERROR - Синтаксическая ошибка в файле bellman_ford.py: invalid syntax (<unknown>, line 662)
2025-04-03 10:20:34,784 - root - ERROR - Синтаксическая ошибка в файле check_common_errors.py: invalid syntax (<unknown>, line 420)
2025-04-03 10:20:34,787 - root - ERROR - Синтаксическая ошибка в файле check_common_errors_new.py: invalid syntax (<unknown>, line 351)
2025-04-03 10:20:34,876 - root - INFO - Найдено 73 отсутствующих зависимостей в 19 файлах
2025-04-03 10:20:34,876 - root - INFO - Поиск циклических зависимостей...
2025-04-03 10:20:34,886 - root - ERROR - Синтаксическая ошибка в файле bellman_ford.py: invalid syntax (<unknown>, line 662)
2025-04-03 10:20:34,892 - root - ERROR - Синтаксическая ошибка в файле check_common_errors.py: invalid syntax (<unknown>, line 420)
2025-04-03 10:20:34,895 - root - ERROR - Синтаксическая ошибка в файле check_common_errors_new.py: invalid syntax (<unknown>, line 351)
2025-04-03 10:20:34,983 - root - INFO - Найдено 0 циклических зависимостей
2025-04-03 10:20:34,984 - root - INFO - Отчет сохранен в файл: unused_imports.txt
2025-04-03 12:50:13,775 - root - INFO - Запуск анализа импортов в директории: .
2025-04-03 12:50:14,242 - root - INFO - Найдено 39 Python файлов для анализа
2025-04-03 12:50:14,371 - root - INFO - Получен список установленных пакетов: 134 пакетов
2025-04-03 12:50:14,371 - root - INFO - Поиск неиспользуемых импортов...
2025-04-03 12:50:14,382 - root - ERROR - Синтаксическая ошибка в файле bellman_ford.py: invalid syntax (<unknown>, line 662)
2025-04-03 12:50:14,388 - root - ERROR - Синтаксическая ошибка в файле check_common_errors.py: invalid syntax (<unknown>, line 420)
2025-04-03 12:50:14,391 - root - ERROR - Синтаксическая ошибка в файле check_common_errors_new.py: invalid syntax (<unknown>, line 351)
2025-04-03 12:50:14,484 - root - INFO - Найдено 32 неиспользуемых импортов в 10 файлах
2025-04-03 12:50:14,484 - root - INFO - Проверка отсутствующих зависимостей...
2025-04-03 12:50:14,494 - root - ERROR - Синтаксическая ошибка в файле bellman_ford.py: invalid syntax (<unknown>, line 662)
2025-04-03 12:50:14,500 - root - ERROR - Синтаксическая ошибка в файле check_common_errors.py: invalid syntax (<unknown>, line 420)
2025-04-03 12:50:14,503 - root - ERROR - Синтаксическая ошибка в файле check_common_errors_new.py: invalid syntax (<unknown>, line 351)
2025-04-03 12:50:14,598 - root - INFO - Найдено 89 отсутствующих зависимостей в 20 файлах
2025-04-03 12:50:14,598 - root - INFO - Поиск циклических зависимостей...
2025-04-03 12:50:14,609 - root - ERROR - Синтаксическая ошибка в файле bellman_ford.py: invalid syntax (<unknown>, line 662)
2025-04-03 12:50:14,615 - root - ERROR - Синтаксическая ошибка в файле check_common_errors.py: invalid syntax (<unknown>, line 420)
2025-04-03 12:50:14,618 - root - ERROR - Синтаксическая ошибка в файле check_common_errors_new.py: invalid syntax (<unknown>, line 351)
2025-04-03 12:50:14,712 - root - INFO - Найдено 0 циклических зависимостей
2025-04-03 12:50:14,713 - root - INFO - Отчет сохранен в файл: unused_imports.txt
2025-04-03 15:55:59,783 - root - INFO - Запуск анализа импортов в директории: .
2025-04-03 15:56:00,301 - root - INFO - Найдено 39 Python файлов для анализа
2025-04-03 15:56:00,403 - root - INFO - Получен список установленных пакетов: 42 пакетов
2025-04-03 15:56:00,403 - root - INFO - Поиск неиспользуемых импортов...
2025-04-03 15:56:00,533 - root - INFO - Найдено 10 неиспользуемых импортов в 5 файлах
2025-04-03 15:56:00,533 - root - INFO - Проверка отсутствующих зависимостей...
2025-04-03 15:56:00,663 - root - INFO - Найдено 130 отсутствующих зависимостей в 29 файлах
2025-04-03 15:56:00,663 - root - INFO - Поиск циклических зависимостей...
2025-04-03 15:56:00,793 - root - INFO - Найдено 0 циклических зависимостей
2025-04-03 15:59:17,418 - root - INFO - Запуск анализа импортов в директории: .
2025-04-03 15:59:17,919 - root - INFO - Найдено 39 Python файлов для анализа
2025-04-03 15:59:18,018 - root - INFO - Получен список установленных пакетов: 42 пакетов
2025-04-03 15:59:18,019 - root - INFO - Поиск неиспользуемых импортов...
2025-04-03 15:59:18,152 - root - INFO - Найдено 1 неиспользуемых импортов в 1 файлах
2025-04-03 15:59:18,152 - root - INFO - Проверка отсутствующих зависимостей...
2025-04-03 15:59:18,283 - root - INFO - Найдено 129 отсутствующих зависимостей в 29 файлах
2025-04-03 15:59:18,283 - root - INFO - Поиск циклических зависимостей...
2025-04-03 15:59:18,432 - root - INFO - Найдено 0 циклических зависимостей
2025-04-03 15:59:42,628 - root - INFO - Запуск анализа импортов в директории: .
2025-04-03 15:59:43,132 - root - INFO - Найдено 39 Python файлов для анализа
2025-04-03 15:59:43,233 - root - INFO - Получен список установленных пакетов: 42 пакетов
2025-04-03 15:59:43,233 - root - INFO - Поиск неиспользуемых импортов...
2025-04-03 15:59:43,364 - root - INFO - Найдено 0 неиспользуемых импортов в 0 файлах
2025-04-03 15:59:43,364 - root - INFO - Проверка отсутствующих зависимостей...
2025-04-03 15:59:43,494 - root - INFO - Найдено 129 отсутствующих зависимостей в 29 файлах
2025-04-03 15:59:43,494 - root - INFO - Поиск циклических зависимостей...
2025-04-03 15:59:43,625 - root - INFO - Найдено 0 циклических зависимостей
