2025-04-10 15:20:38,605 - risk_assessment - INFO - База данных для оценки рисков успешно инициализирована
2025-04-10 15:20:50,040 - risk_assessment - INFO - База данных для оценки рисков успешно инициализирована
2025-04-10 15:20:54,482 - utils.error_reporting - WARNING - Не указан DSN для Sentry. Интеграция отключена
2025-04-10 15:21:11,803 - risk_assessment - INFO - База данных для оценки рисков успешно инициализирована
2025-04-10 15:21:19,375 - risk_assessment - INFO - База данных для оценки рисков успешно инициализирована
2025-04-10 15:21:20,108 - utils.error_reporting - WARNING - Не указан DSN для Sentry. Интеграция отключена
2025-04-10 15:21:20,144 - utils.security - WARNING - Используется стандартный ключ шифрования. Рекомендуется установить SECURITY_MASTER_KEY.
2025-04-10 15:21:20,617 - risk_assessment - INFO - База данных для оценки рисков успешно инициализирована
2025-04-10 15:23:11,602 - risk_assessment - INFO - База данных для оценки рисков успешно инициализирована
2025-04-10 15:23:12,310 - utils.error_reporting - WARNING - Не указан DSN для Sentry. Интеграция отключена
2025-04-10 15:23:12,340 - utils.security - WARNING - Используется стандартный ключ шифрования. Рекомендуется установить SECURITY_MASTER_KEY.
2025-04-10 15:23:54,352 - risk_assessment - INFO - База данных для оценки рисков успешно инициализирована
2025-04-10 15:24:15,293 - risk_assessment - INFO - База данных для оценки рисков успешно инициализирована
2025-04-10 15:24:28,131 - risk_assessment - INFO - База данных для оценки рисков успешно инициализирована
2025-04-10 15:24:37,146 - risk_assessment - INFO - База данных для оценки рисков успешно инициализирована
2025-04-10 15:24:44,790 - risk_assessment - INFO - База данных для оценки рисков успешно инициализирована
2025-04-10 15:25:20,304 - risk_assessment - INFO - База данных для оценки рисков успешно инициализирована
2025-04-10 15:25:58,789 - risk_assessment - INFO - База данных для оценки рисков успешно инициализирована
2025-04-10 15:25:59,511 - utils.error_reporting - WARNING - Не указан DSN для Sentry. Интеграция отключена
2025-04-10 15:25:59,543 - utils.security - WARNING - Используется стандартный ключ шифрования. Рекомендуется установить SECURITY_MASTER_KEY.
2025-04-10 15:26:04,156 - risk_assessment - INFO - База данных для оценки рисков успешно инициализирована
2025-04-10 15:26:43,366 - risk_assessment - INFO - База данных для оценки рисков успешно инициализирована
2025-04-10 15:27:57,471 - risk_assessment - INFO - База данных для оценки рисков успешно инициализирована
2025-04-10 15:27:58,501 - risk_assessment - INFO - База данных для оценки рисков успешно инициализирована
2025-04-10 15:27:59,226 - utils.error_reporting - WARNING - Не указан DSN для Sentry. Интеграция отключена
2025-04-10 15:27:59,257 - utils.security - WARNING - Используется стандартный ключ шифрования. Рекомендуется установить SECURITY_MASTER_KEY.
2025-04-10 15:28:19,204 - risk_assessment - INFO - База данных для оценки рисков успешно инициализирована
2025-04-10 15:30:01,984 - risk_assessment - INFO - База данных для оценки рисков успешно инициализирована
2025-04-10 15:30:02,709 - utils.error_reporting - WARNING - Не указан DSN для Sentry. Интеграция отключена
2025-04-10 15:30:02,740 - utils.security - WARNING - Используется стандартный ключ шифрования. Рекомендуется установить SECURITY_MASTER_KEY.
2025-04-10 15:30:03,854 - risk_assessment - INFO - База данных для оценки рисков успешно инициализирована
2025-04-10 15:37:43,222 - risk_assessment - INFO - База данных для оценки рисков успешно инициализирована
2025-04-10 15:37:50,816 - risk_assessment - INFO - База данных для оценки рисков успешно инициализирована
2025-04-10 15:37:57,448 - risk_assessment - INFO - База данных для оценки рисков успешно инициализирована
2025-04-10 15:38:00,612 - risk_assessment - INFO - База данных для оценки рисков успешно инициализирована
2025-04-10 15:38:14,880 - risk_assessment - INFO - База данных для оценки рисков успешно инициализирована
2025-04-10 15:38:24,782 - risk_assessment - INFO - База данных для оценки рисков успешно инициализирована
2025-04-10 15:38:34,206 - risk_assessment - INFO - База данных для оценки рисков успешно инициализирована
2025-04-10 15:38:42,696 - risk_assessment - INFO - База данных для оценки рисков успешно инициализирована
2025-04-10 15:39:01,046 - risk_assessment - INFO - База данных для оценки рисков успешно инициализирована
2025-04-10 15:39:17,490 - risk_assessment - INFO - База данных для оценки рисков успешно инициализирована
2025-04-10 15:39:34,867 - risk_assessment - INFO - База данных для оценки рисков успешно инициализирована
2025-04-10 15:39:52,312 - risk_assessment - INFO - База данных для оценки рисков успешно инициализирована
2025-04-10 15:40:18,096 - risk_assessment - INFO - База данных для оценки рисков успешно инициализирована
2025-04-10 15:40:30,269 - risk_assessment - INFO - База данных для оценки рисков успешно инициализирована
2025-04-10 15:42:34,982 - risk_assessment - INFO - База данных для оценки рисков успешно инициализирована
2025-04-10 15:42:54,682 - risk_assessment - INFO - База данных для оценки рисков успешно инициализирована
2025-04-10 15:43:18,169 - risk_assessment - INFO - База данных для оценки рисков успешно инициализирована
2025-04-10 15:43:38,780 - risk_assessment - INFO - База данных для оценки рисков успешно инициализирована
2025-04-10 15:44:17,870 - risk_assessment - INFO - База данных для оценки рисков успешно инициализирована
2025-04-10 15:44:53,095 - risk_assessment - INFO - База данных для оценки рисков успешно инициализирована
2025-04-10 15:45:33,999 - risk_assessment - INFO - База данных для оценки рисков успешно инициализирована
2025-04-10 15:45:50,102 - risk_assessment - INFO - База данных для оценки рисков успешно инициализирована
2025-04-10 15:46:32,538 - risk_assessment - INFO - База данных для оценки рисков успешно инициализирована
2025-04-10 15:47:22,177 - risk_assessment - INFO - База данных для оценки рисков успешно инициализирована
2025-04-10 15:47:46,431 - risk_assessment - INFO - База данных для оценки рисков успешно инициализирована
2025-04-10 15:48:08,238 - risk_assessment - INFO - База данных для оценки рисков успешно инициализирована
2025-04-10 15:48:50,274 - risk_assessment - INFO - База данных для оценки рисков успешно инициализирована
2025-04-10 15:49:24,511 - risk_assessment - INFO - База данных для оценки рисков успешно инициализирована
2025-04-10 15:49:39,971 - risk_assessment - INFO - База данных для оценки рисков успешно инициализирована
2025-04-10 15:50:12,646 - risk_assessment - INFO - База данных для оценки рисков успешно инициализирована
2025-04-10 15:50:18,188 - risk_assessment - INFO - База данных для оценки рисков успешно инициализирована
2025-04-10 15:50:53,035 - risk_assessment - INFO - База данных для оценки рисков успешно инициализирована
2025-04-10 15:50:58,105 - risk_assessment - INFO - База данных для оценки рисков успешно инициализирована
2025-04-10 15:51:43,508 - risk_assessment - INFO - База данных для оценки рисков успешно инициализирована
2025-04-10 15:53:24,697 - risk_assessment - INFO - База данных для оценки рисков успешно инициализирована
2025-04-10 15:53:48,147 - risk_assessment - INFO - База данных для оценки рисков успешно инициализирована
2025-04-10 15:53:50,702 - risk_assessment - INFO - База данных для оценки рисков успешно инициализирована
2025-04-10 15:53:58,804 - risk_assessment - INFO - База данных для оценки рисков успешно инициализирована
2025-04-10 15:54:38,336 - risk_assessment - INFO - База данных для оценки рисков успешно инициализирована
2025-04-10 15:55:26,776 - risk_assessment - INFO - База данных для оценки рисков успешно инициализирована
2025-04-10 15:55:49,273 - risk_assessment - INFO - База данных для оценки рисков успешно инициализирована
2025-04-10 15:55:57,862 - risk_assessment - INFO - База данных для оценки рисков успешно инициализирована
2025-04-10 15:56:34,157 - risk_assessment - INFO - База данных для оценки рисков успешно инициализирована
2025-04-10 15:58:44,408 - risk_assessment - INFO - База данных для оценки рисков успешно инициализирована
2025-04-10 16:00:10,357 - risk_assessment - INFO - База данных для оценки рисков успешно инициализирована
2025-04-10 16:00:46,111 - risk_assessment - INFO - База данных для оценки рисков успешно инициализирована
2025-04-10 16:01:28,842 - risk_assessment - INFO - База данных для оценки рисков успешно инициализирована
2025-04-10 16:02:39,229 - risk_assessment - INFO - База данных для оценки рисков успешно инициализирована
2025-04-10 16:02:49,854 - risk_assessment - INFO - База данных для оценки рисков успешно инициализирована
2025-04-10 16:04:03,477 - risk_assessment - INFO - База данных для оценки рисков успешно инициализирована
2025-04-10 16:04:20,453 - risk_assessment - INFO - База данных для оценки рисков успешно инициализирована
2025-04-10 16:05:02,100 - risk_assessment - INFO - База данных для оценки рисков успешно инициализирована
2025-04-10 16:06:29,848 - risk_assessment - INFO - База данных для оценки рисков успешно инициализирована
2025-04-10 16:07:29,683 - risk_assessment - INFO - База данных для оценки рисков успешно инициализирована
2025-04-10 16:08:58,614 - risk_assessment - INFO - База данных для оценки рисков успешно инициализирована
2025-04-10 16:09:53,469 - risk_assessment - INFO - База данных для оценки рисков успешно инициализирована
2025-04-10 16:10:00,845 - risk_assessment - INFO - База данных для оценки рисков успешно инициализирована
2025-04-10 16:10:11,237 - risk_assessment - INFO - База данных для оценки рисков успешно инициализирована
2025-04-10 16:10:16,288 - risk_assessment - INFO - База данных для оценки рисков успешно инициализирована
2025-04-10 16:10:23,500 - risk_assessment - INFO - База данных для оценки рисков успешно инициализирована
2025-04-10 16:10:26,691 - risk_assessment - INFO - База данных для оценки рисков успешно инициализирована
2025-04-10 16:10:30,731 - risk_assessment - INFO - База данных для оценки рисков успешно инициализирована
2025-04-10 16:10:33,125 - risk_assessment - INFO - База данных для оценки рисков успешно инициализирована
2025-04-10 16:51:22,294 - risk_assessment - INFO - База данных для оценки рисков успешно инициализирована
2025-04-10 16:51:39,866 - risk_assessment - INFO - База данных для оценки рисков успешно инициализирована
2025-04-10 16:52:14,283 - risk_assessment - INFO - База данных для оценки рисков успешно инициализирована
2025-04-10 16:52:45,021 - risk_assessment - INFO - База данных для оценки рисков успешно инициализирована
2025-04-10 16:52:55,833 - risk_assessment - INFO - База данных для оценки рисков успешно инициализирована
2025-04-10 16:53:57,536 - risk_assessment - INFO - База данных для оценки рисков успешно инициализирована
2025-04-10 16:53:59,503 - risk_assessment - INFO - База данных для оценки рисков успешно инициализирована
2025-04-10 16:54:39,179 - risk_assessment - INFO - База данных для оценки рисков успешно инициализирована
2025-04-10 16:55:01,827 - risk_assessment - INFO - База данных для оценки рисков успешно инициализирована
2025-04-10 16:55:20,456 - risk_assessment - INFO - База данных для оценки рисков успешно инициализирована
2025-04-10 16:56:22,259 - risk_assessment - INFO - База данных для оценки рисков успешно инициализирована
2025-04-10 16:57:06,455 - risk_assessment - INFO - База данных для оценки рисков успешно инициализирована
2025-04-10 16:57:09,841 - risk_assessment - INFO - База данных для оценки рисков успешно инициализирована
2025-04-10 16:57:39,343 - risk_assessment - INFO - База данных для оценки рисков успешно инициализирована
2025-04-10 16:57:42,407 - risk_assessment - INFO - База данных для оценки рисков успешно инициализирована
2025-04-10 16:58:06,736 - risk_assessment - INFO - База данных для оценки рисков успешно инициализирована
2025-04-10 16:58:12,747 - risk_assessment - INFO - База данных для оценки рисков успешно инициализирована
2025-04-10 16:58:13,571 - utils.error_reporting - WARNING - Не указан DSN для Sentry. Интеграция отключена
2025-04-10 16:58:55,057 - risk_assessment - INFO - База данных для оценки рисков успешно инициализирована
2025-04-10 16:59:02,058 - risk_assessment - INFO - База данных для оценки рисков успешно инициализирована
2025-04-10 17:01:35,325 - risk_assessment - INFO - База данных для оценки рисков успешно инициализирована
2025-04-10 17:01:36,959 - risk_assessment - INFO - База данных для оценки рисков успешно инициализирована
2025-04-10 17:01:37,697 - utils.error_reporting - WARNING - Не указан DSN для Sentry. Интеграция отключена
2025-04-10 17:03:06,744 - risk_assessment - INFO - База данных для оценки рисков успешно инициализирована
2025-04-10 17:03:07,535 - utils.error_reporting - WARNING - Не указан DSN для Sentry. Интеграция отключена
2025-04-10 17:03:46,289 - risk_assessment - INFO - База данных для оценки рисков успешно инициализирована
2025-04-10 17:03:52,695 - risk_assessment - INFO - База данных для оценки рисков успешно инициализирована
2025-04-10 17:03:53,451 - utils.error_reporting - WARNING - Не указан DSN для Sentry. Интеграция отключена
2025-04-10 17:03:53,541 - bot.services.trading_service - INFO - Инициализирован TradingService
2025-04-10 17:03:53,542 - bot.config - INFO - Инициализация бота...
2025-04-10 17:03:53,774 - bot.config - INFO - Бот инициализирован
2025-04-10 17:03:53,776 - bot.config - WARNING - Redis отключен. Используется хранилище состояний в памяти (данные будут потеряны при перезапуске)
2025-04-10 17:03:53,778 - bot.config - WARNING - Регистрация обработчиков предметов пропущена
2025-04-10 17:03:53,778 - bot.config - INFO - Обработчики команд зарегистрированы
2025-04-10 17:03:53,778 - bot.config - INFO - Начинаем запуск бота...
2025-04-10 17:03:53,950 - aiogram - WARNING - Updates were skipped successfully.
2025-04-10 17:03:53,950 - bot.database.db - INFO - Инициализация базы данных sqlite://db.sqlite3
2025-04-10 17:03:53,998 - bot.database.db - INFO - База данных успешно инициализирована
2025-04-10 17:03:53,998 - bot.config - INFO - База данных инициализирована
2025-04-10 17:03:54,108 - bot.config - INFO - Бот успешно запущен
2025-04-10 17:05:30,189 - risk_assessment - INFO - База данных для оценки рисков успешно инициализирована
2025-04-10 17:05:32,706 - bot.database.db - INFO - Закрытие соединения с базой данных
2025-04-10 17:05:32,714 - bot.database.db - INFO - Соединение с базой данных закрыто
2025-04-10 17:05:32,714 - bot.config - INFO - Соединение с базой данных закрыто
2025-04-10 17:05:32,714 - bot.config - INFO - Бот остановлен
2025-04-10 17:05:32,715 - aiogram - WARNING - Goodbye!
2025-04-10 17:05:37,117 - risk_assessment - INFO - База данных для оценки рисков успешно инициализирована
2025-04-10 17:06:12,793 - risk_assessment - INFO - База данных для оценки рисков успешно инициализирована
2025-04-10 17:13:05,675 - risk_assessment - INFO - База данных для оценки рисков успешно инициализирована
2025-04-10 17:14:55,410 - risk_assessment - INFO - База данных для оценки рисков успешно инициализирована
2025-04-15 09:46:36 - trading_bot - INFO - Р›РѕРіРёСЂРѕРІР°РЅРёРµ РІ С„Р°Р№Р» logs/trading_bot.log РЅР°СЃС‚СЂРѕРµРЅРѕ
2025-04-15 09:48:13 - trading_bot - INFO - Р›РѕРіРёСЂРѕРІР°РЅРёРµ РІ С„Р°Р№Р» logs/trading_bot.log РЅР°СЃС‚СЂРѕРµРЅРѕ
2025-04-15 09:48:45 - trading_bot - INFO - Р›РѕРіРёСЂРѕРІР°РЅРёРµ РІ С„Р°Р№Р» logs/trading_bot.log РЅР°СЃС‚СЂРѕРµРЅРѕ
2025-04-15 09:48:53 - trading_bot - INFO - Р›РѕРіРёСЂРѕРІР°РЅРёРµ РІ С„Р°Р№Р» logs/trading_bot.log РЅР°СЃС‚СЂРѕРµРЅРѕ
2025-04-15 09:49:01 - trading_bot - INFO - Р›РѕРіРёСЂРѕРІР°РЅРёРµ РІ С„Р°Р№Р» logs/trading_bot.log РЅР°СЃС‚СЂРѕРµРЅРѕ
2025-04-15 09:49:09 - trading_bot - INFO - Р›РѕРіРёСЂРѕРІР°РЅРёРµ РІ С„Р°Р№Р» logs/trading_bot.log РЅР°СЃС‚СЂРѕРµРЅРѕ
2025-04-15 09:49:16 - trading_bot - INFO - Р›РѕРіРёСЂРѕРІР°РЅРёРµ РІ С„Р°Р№Р» logs/trading_bot.log РЅР°СЃС‚СЂРѕРµРЅРѕ
2025-04-15 09:49:27 - trading_bot - INFO - Р›РѕРіРёСЂРѕРІР°РЅРёРµ РІ С„Р°Р№Р» logs/trading_bot.log РЅР°СЃС‚СЂРѕРµРЅРѕ
2025-04-15 09:49:34 - trading_bot - INFO - Р›РѕРіРёСЂРѕРІР°РЅРёРµ РІ С„Р°Р№Р» logs/trading_bot.log РЅР°СЃС‚СЂРѕРµРЅРѕ
2025-04-15 09:49:56 - trading_bot - INFO - Р›РѕРіРёСЂРѕРІР°РЅРёРµ РІ С„Р°Р№Р» logs/trading_bot.log РЅР°СЃС‚СЂРѕРµРЅРѕ
2025-04-15 09:50:04 - trading_bot - INFO - Р›РѕРіРёСЂРѕРІР°РЅРёРµ РІ С„Р°Р№Р» logs/trading_bot.log РЅР°СЃС‚СЂРѕРµРЅРѕ
2025-04-15 09:50:24 - trading_bot - INFO - Р›РѕРіРёСЂРѕРІР°РЅРёРµ РІ С„Р°Р№Р» logs/trading_bot.log РЅР°СЃС‚СЂРѕРµРЅРѕ
2025-04-15 09:51:13 - trading_bot - INFO - Р›РѕРіРёСЂРѕРІР°РЅРёРµ РІ С„Р°Р№Р» logs/trading_bot.log РЅР°СЃС‚СЂРѕРµРЅРѕ
2025-04-15 10:04:28 - trading_bot - INFO - Р›РѕРіРёСЂРѕРІР°РЅРёРµ РІ С„Р°Р№Р» logs/trading_bot.log РЅР°СЃС‚СЂРѕРµРЅРѕ
2025-04-15 10:07:18 - trading_bot - INFO - Р›РѕРіРёСЂРѕРІР°РЅРёРµ РІ С„Р°Р№Р» logs/trading_bot.log РЅР°СЃС‚СЂРѕРµРЅРѕ
2025-04-15 10:09:44 - trading_bot - INFO - Р›РѕРіРёСЂРѕРІР°РЅРёРµ РІ С„Р°Р№Р» logs/trading_bot.log РЅР°СЃС‚СЂРѕРµРЅРѕ
2025-04-15 10:10:41 - trading_bot - INFO - Р›РѕРіРёСЂРѕРІР°РЅРёРµ РІ С„Р°Р№Р» logs/trading_bot.log РЅР°СЃС‚СЂРѕРµРЅРѕ
2025-04-15 10:11:25 - trading_bot - INFO - Р›РѕРіРёСЂРѕРІР°РЅРёРµ РІ С„Р°Р№Р» logs/trading_bot.log РЅР°СЃС‚СЂРѕРµРЅРѕ
2025-04-15 10:11:33 - trading_bot - INFO - Р›РѕРіРёСЂРѕРІР°РЅРёРµ РІ С„Р°Р№Р» logs/trading_bot.log РЅР°СЃС‚СЂРѕРµРЅРѕ
2025-04-15 10:11:44 - trading_bot - INFO - Р›РѕРіРёСЂРѕРІР°РЅРёРµ РІ С„Р°Р№Р» logs/trading_bot.log РЅР°СЃС‚СЂРѕРµРЅРѕ
2025-04-15 10:12:28 - trading_bot - INFO - Р›РѕРіРёСЂРѕРІР°РЅРёРµ РІ С„Р°Р№Р» logs/trading_bot.log РЅР°СЃС‚СЂРѕРµРЅРѕ
2025-04-15 10:13:19 - trading_bot - INFO - Р›РѕРіРёСЂРѕРІР°РЅРёРµ РІ С„Р°Р№Р» logs/trading_bot.log РЅР°СЃС‚СЂРѕРµРЅРѕ
2025-04-15 10:13:30 - trading_bot - INFO - Р›РѕРіРёСЂРѕРІР°РЅРёРµ РІ С„Р°Р№Р» logs/trading_bot.log РЅР°СЃС‚СЂРѕРµРЅРѕ
2025-04-15 10:13:38 - trading_bot - INFO - Р›РѕРіРёСЂРѕРІР°РЅРёРµ РІ С„Р°Р№Р» logs/trading_bot.log РЅР°СЃС‚СЂРѕРµРЅРѕ
2025-04-15 10:13:46 - trading_bot - INFO - Р›РѕРіРёСЂРѕРІР°РЅРёРµ РІ С„Р°Р№Р» logs/trading_bot.log РЅР°СЃС‚СЂРѕРµРЅРѕ
2025-04-15 10:13:57 - trading_bot - INFO - Р›РѕРіРёСЂРѕРІР°РЅРёРµ РІ С„Р°Р№Р» logs/trading_bot.log РЅР°СЃС‚СЂРѕРµРЅРѕ
2025-04-15 10:14:23 - trading_bot - INFO - Р›РѕРіРёСЂРѕРІР°РЅРёРµ РІ С„Р°Р№Р» logs/trading_bot.log РЅР°СЃС‚СЂРѕРµРЅРѕ
2025-04-15 10:14:35 - trading_bot - INFO - Р›РѕРіРёСЂРѕРІР°РЅРёРµ РІ С„Р°Р№Р» logs/trading_bot.log РЅР°СЃС‚СЂРѕРµРЅРѕ
2025-04-15 10:16:06 - trading_bot - INFO - Р›РѕРіРёСЂРѕРІР°РЅРёРµ РІ С„Р°Р№Р» logs/trading_bot.log РЅР°СЃС‚СЂРѕРµРЅРѕ
2025-04-15 10:17:08 - trading_bot - INFO - Р›РѕРіРёСЂРѕРІР°РЅРёРµ РІ С„Р°Р№Р» logs/trading_bot.log РЅР°СЃС‚СЂРѕРµРЅРѕ
2025-04-15 10:17:31 - trading_bot - INFO - Р›РѕРіРёСЂРѕРІР°РЅРёРµ РІ С„Р°Р№Р» logs/trading_bot.log РЅР°СЃС‚СЂРѕРµРЅРѕ
2025-04-15 10:17:47 - trading_bot - INFO - Р›РѕРіРёСЂРѕРІР°РЅРёРµ РІ С„Р°Р№Р» logs/trading_bot.log РЅР°СЃС‚СЂРѕРµРЅРѕ
2025-04-15 10:19:13 - trading_bot - INFO - Р›РѕРіРёСЂРѕРІР°РЅРёРµ РІ С„Р°Р№Р» logs/trading_bot.log РЅР°СЃС‚СЂРѕРµРЅРѕ
2025-04-15 10:19:23 - trading_bot - INFO - Р›РѕРіРёСЂРѕРІР°РЅРёРµ РІ С„Р°Р№Р» logs/trading_bot.log РЅР°СЃС‚СЂРѕРµРЅРѕ
2025-04-15 10:20:57 - trading_bot - INFO - Р›РѕРіРёСЂРѕРІР°РЅРёРµ РІ С„Р°Р№Р» logs/trading_bot.log РЅР°СЃС‚СЂРѕРµРЅРѕ
2025-04-15 10:21:21 - trading_bot - INFO - Р›РѕРіРёСЂРѕРІР°РЅРёРµ РІ С„Р°Р№Р» logs/trading_bot.log РЅР°СЃС‚СЂРѕРµРЅРѕ
2025-04-15 10:28:33 - trading_bot - INFO - Р›РѕРіРёСЂРѕРІР°РЅРёРµ РІ С„Р°Р№Р» logs/trading_bot.log РЅР°СЃС‚СЂРѕРµРЅРѕ
2025-04-15 10:28:51 - trading_bot - INFO - Р›РѕРіРёСЂРѕРІР°РЅРёРµ РІ С„Р°Р№Р» logs/trading_bot.log РЅР°СЃС‚СЂРѕРµРЅРѕ
2025-04-15 10:29:59 - trading_bot - INFO - Р›РѕРіРёСЂРѕРІР°РЅРёРµ РІ С„Р°Р№Р» logs/trading_bot.log РЅР°СЃС‚СЂРѕРµРЅРѕ
2025-04-15 10:30:08 - trading_bot - INFO - Р›РѕРіРёСЂРѕРІР°РЅРёРµ РІ С„Р°Р№Р» logs/trading_bot.log РЅР°СЃС‚СЂРѕРµРЅРѕ
2025-04-15 10:30:22 - trading_bot - INFO - Р›РѕРіРёСЂРѕРІР°РЅРёРµ РІ С„Р°Р№Р» logs/trading_bot.log РЅР°СЃС‚СЂРѕРµРЅРѕ
2025-04-15 10:30:30 - trading_bot - INFO - Р›РѕРіРёСЂРѕРІР°РЅРёРµ РІ С„Р°Р№Р» logs/trading_bot.log РЅР°СЃС‚СЂРѕРµРЅРѕ
2025-04-15 10:31:27 - trading_bot - INFO - Р›РѕРіРёСЂРѕРІР°РЅРёРµ РІ С„Р°Р№Р» logs/trading_bot.log РЅР°СЃС‚СЂРѕРµРЅРѕ
2025-04-15 10:32:06 - trading_bot - INFO - Р›РѕРіРёСЂРѕРІР°РЅРёРµ РІ С„Р°Р№Р» logs/trading_bot.log РЅР°СЃС‚СЂРѕРµРЅРѕ
2025-04-15 10:32:37 - trading_bot - INFO - Р›РѕРіРёСЂРѕРІР°РЅРёРµ РІ С„Р°Р№Р» logs/trading_bot.log РЅР°СЃС‚СЂРѕРµРЅРѕ
2025-04-15 10:33:51 - trading_bot - INFO - Р›РѕРіРёСЂРѕРІР°РЅРёРµ РІ С„Р°Р№Р» logs/trading_bot.log РЅР°СЃС‚СЂРѕРµРЅРѕ
2025-04-15 10:34:03 - trading_bot - INFO - Р›РѕРіРёСЂРѕРІР°РЅРёРµ РІ С„Р°Р№Р» logs/trading_bot.log РЅР°СЃС‚СЂРѕРµРЅРѕ
2025-04-15 10:34:33 - trading_bot - INFO - Р›РѕРіРёСЂРѕРІР°РЅРёРµ РІ С„Р°Р№Р» logs/trading_bot.log РЅР°СЃС‚СЂРѕРµРЅРѕ
2025-04-15 10:34:55 - trading_bot - INFO - Р›РѕРіРёСЂРѕРІР°РЅРёРµ РІ С„Р°Р№Р» logs/trading_bot.log РЅР°СЃС‚СЂРѕРµРЅРѕ
2025-04-15 10:35:46 - trading_bot - INFO - Р›РѕРіРёСЂРѕРІР°РЅРёРµ РІ С„Р°Р№Р» logs/trading_bot.log РЅР°СЃС‚СЂРѕРµРЅРѕ
2025-04-15 10:38:41 - trading_bot - INFO - Р›РѕРіРёСЂРѕРІР°РЅРёРµ РІ С„Р°Р№Р» logs/trading_bot.log РЅР°СЃС‚СЂРѕРµРЅРѕ
2025-04-15 10:39:25 - trading_bot - INFO - Р›РѕРіРёСЂРѕРІР°РЅРёРµ РІ С„Р°Р№Р» logs/trading_bot.log РЅР°СЃС‚СЂРѕРµРЅРѕ
2025-04-15 11:18:34 - trading_bot - INFO - Р›РѕРіРёСЂРѕРІР°РЅРёРµ РІ С„Р°Р№Р» logs/trading_bot.log РЅР°СЃС‚СЂРѕРµРЅРѕ
2025-04-15 11:18:53 - trading_bot - INFO - Р›РѕРіРёСЂРѕРІР°РЅРёРµ РІ С„Р°Р№Р» logs/trading_bot.log РЅР°СЃС‚СЂРѕРµРЅРѕ
2025-04-15 11:22:49 - trading_bot - INFO - Р›РѕРіРёСЂРѕРІР°РЅРёРµ РІ С„Р°Р№Р» logs/trading_bot.log РЅР°СЃС‚СЂРѕРµРЅРѕ
2025-04-15 11:23:08 - trading_bot - INFO - Р›РѕРіРёСЂРѕРІР°РЅРёРµ РІ С„Р°Р№Р» logs/trading_bot.log РЅР°СЃС‚СЂРѕРµРЅРѕ
2025-04-15 11:23:16 - trading_bot - INFO - Р›РѕРіРёСЂРѕРІР°РЅРёРµ РІ С„Р°Р№Р» logs/trading_bot.log РЅР°СЃС‚СЂРѕРµРЅРѕ
2025-04-15 11:23:26 - trading_bot - INFO - Р›РѕРіРёСЂРѕРІР°РЅРёРµ РІ С„Р°Р№Р» logs/trading_bot.log РЅР°СЃС‚СЂРѕРµРЅРѕ
2025-04-15 11:23:34 - trading_bot - INFO - Р›РѕРіРёСЂРѕРІР°РЅРёРµ РІ С„Р°Р№Р» logs/trading_bot.log РЅР°СЃС‚СЂРѕРµРЅРѕ
2025-04-15 11:23:43 - trading_bot - INFO - Р›РѕРіРёСЂРѕРІР°РЅРёРµ РІ С„Р°Р№Р» logs/trading_bot.log РЅР°СЃС‚СЂРѕРµРЅРѕ
2025-04-15 11:23:51 - trading_bot - INFO - Р›РѕРіРёСЂРѕРІР°РЅРёРµ РІ С„Р°Р№Р» logs/trading_bot.log РЅР°СЃС‚СЂРѕРµРЅРѕ
2025-04-15 11:23:59 - trading_bot - INFO - Р›РѕРіРёСЂРѕРІР°РЅРёРµ РІ С„Р°Р№Р» logs/trading_bot.log РЅР°СЃС‚СЂРѕРµРЅРѕ
2025-04-15 11:24:07 - trading_bot - INFO - Р›РѕРіРёСЂРѕРІР°РЅРёРµ РІ С„Р°Р№Р» logs/trading_bot.log РЅР°СЃС‚СЂРѕРµРЅРѕ
2025-04-15 11:24:15 - trading_bot - INFO - Р›РѕРіРёСЂРѕРІР°РЅРёРµ РІ С„Р°Р№Р» logs/trading_bot.log РЅР°СЃС‚СЂРѕРµРЅРѕ
2025-04-15 11:24:23 - trading_bot - INFO - Р›РѕРіРёСЂРѕРІР°РЅРёРµ РІ С„Р°Р№Р» logs/trading_bot.log РЅР°СЃС‚СЂРѕРµРЅРѕ
2025-04-15 11:24:32 - trading_bot - INFO - Р›РѕРіРёСЂРѕРІР°РЅРёРµ РІ С„Р°Р№Р» logs/trading_bot.log РЅР°СЃС‚СЂРѕРµРЅРѕ
