2025-04-06 21:08:51 - trading_facade - INFO - TradingFacade инициализирован
2025-04-06 21:09:11 - trading_facade - INFO - TradingFacade инициализирован
2025-04-06 21:09:28 - trading_facade - INFO - TradingFacade инициализирован
2025-04-06 21:10:17 - trading_facade - INFO - TradingFacade инициализирован
2025-04-06 21:15:47 - trading_facade - INFO - TradingFacade инициализирован
2025-04-06 21:20:42 - trading_facade - INFO - TradingFacade инициализирован
2025-04-06 21:22:38 - trading_facade - INFO - TradingFacade инициализирован
2025-04-07 19:00:47 - trading_facade - INFO - TradingFacade инициализирован
2025-04-07 19:04:08 - trading_facade - INFO - TradingFacade инициализирован
2025-04-07 19:06:52 - trading_facade - ERROR - Ошибка при получении активных ордеров: 'MarketplaceIntegrator' object has no attribute 'get_active_orders'
2025-04-07 19:14:32 - trading_facade - INFO - TradingFacade инициализирован
2025-04-07 19:19:45 - trading_facade - INFO - TradingFacade инициализирован
2025-04-07 19:21:48 - trading_facade - INFO - TradingFacade инициализирован
2025-04-07 19:27:38 - trading_facade - INFO - TradingFacade инициализирован
2025-04-07 19:28:15 - trading_facade - INFO - TradingFacade инициализирован
2025-04-07 19:30:01 - trading_facade - INFO - TradingFacade инициализирован
2025-04-07 19:32:17 - trading_facade - INFO - TradingFacade инициализирован
2025-04-07 19:35:54 - trading_facade - INFO - TradingFacade инициализирован
2025-04-07 19:45:48 - trading_facade - INFO - TradingFacade инициализирован
2025-04-07 19:49:18 - trading_facade - INFO - TradingFacade инициализирован
2025-04-07 19:53:31 - trading_facade - INFO - TradingFacade инициализирован
2025-04-07 19:56:06 - trading_facade - INFO - TradingFacade инициализирован
2025-04-07 20:01:45 - trading_facade - INFO - TradingFacade инициализирован
2025-04-07 20:14:18 - trading_facade - INFO - TradingFacade инициализирован
2025-04-07 20:15:34 - trading_facade - INFO - TradingFacade инициализирован
2025-04-07 20:18:00 - trading_facade - INFO - TradingFacade инициализирован
2025-04-07 20:39:30 - trading_facade - INFO - TradingFacade инициализирован
2025-04-07 20:43:04 - trading_facade - INFO - TradingFacade инициализирован
2025-04-07 22:47:57 - trading_facade - INFO - TradingFacade инициализирован
2025-04-07 23:09:57 - trading_facade - INFO - TradingFacade инициализирован
2025-04-08 09:40:31 - trading_facade - INFO - TradingFacade инициализирован
2025-04-08 09:45:22 - trading_facade - INFO - TradingFacade инициализирован
2025-04-08 11:54:01 - trading_facade - INFO - TradingFacade инициализирован
2025-04-08 14:38:11 - trading_facade - INFO - TradingFacade инициализирован
2025-04-08 14:44:09 - trading_facade - INFO - TradingFacade инициализирован
2025-04-08 16:18:46 - trading_facade - INFO - TradingFacade инициализирован
2025-04-08 16:52:09 - trading_facade - INFO - TradingFacade инициализирован
2025-04-08 18:14:36 - trading_facade - WARNING - API ключи DMarket не найдены. Некоторые функции могут быть недоступны.
2025-04-08 18:14:36 - trading_facade - INFO - TradingFacade инициализирован
2025-04-08 18:28:41 - trading_facade - WARNING - API ключи DMarket не найдены. Некоторые функции могут быть недоступны.
2025-04-08 18:28:41 - trading_facade - INFO - TradingFacade инициализирован
2025-04-08 18:32:28 - trading_facade - WARNING - API ключи DMarket не найдены. Некоторые функции могут быть недоступны.
2025-04-08 18:32:28 - trading_facade - INFO - TradingFacade инициализирован
2025-04-08 18:33:15 - trading_facade - WARNING - API ключи DMarket не найдены. Некоторые функции могут быть недоступны.
2025-04-08 18:33:15 - trading_facade - INFO - TradingFacade инициализирован
2025-04-08 18:34:58 - trading_facade - WARNING - API ключи DMarket не найдены. Некоторые функции могут быть недоступны.
2025-04-08 18:34:58 - trading_facade - INFO - TradingFacade инициализирован
2025-04-08 18:37:40 - trading_facade - WARNING - API ключи DMarket не найдены. Некоторые функции могут быть недоступны.
2025-04-08 18:37:40 - trading_facade - INFO - TradingFacade инициализирован
2025-04-08 18:40:36 - trading_facade - WARNING - API ключи DMarket не найдены. Некоторые функции могут быть недоступны.
2025-04-08 18:40:36 - trading_facade - INFO - TradingFacade инициализирован
2025-04-08 18:41:23 - trading_facade - ERROR - Ошибка при получении активных ордеров: 'MarketplaceIntegrator' object has no attribute 'get_active_orders'
2025-04-10 15:27:59 - trading_facade - ERROR - Ошибка при инициализации интегратора торговых площадок: 'Config' object has no attribute 'marketplace'
Traceback (most recent call last):
  File "D:\dmarket_trading_bot\trading_facade.py", line 321, in _init_marketplace
    return MarketplaceIntegrator(
           ^^^^^^^^^^^^^^^^^^^^^^
  File "D:\dmarket_trading_bot\utils\marketplace_integrator.py", line 74, in __init__
    self.marketplace_aggregator = MarketplaceAggregator(
                                  ^^^^^^^^^^^^^^^^^^^^^^
  File "D:\dmarket_trading_bot\utils\marketplace_api.py", line 684, in __init__
    self.bitskins = BitskinsPricer(api_key=bitskins_api_key)
                    ^^^^^^^^^^^^^^^^^^^^^^^^^^^^^^^^^^^^^^^^
  File "D:\dmarket_trading_bot\utils\marketplace_api.py", line 210, in __init__
    self.api_key = api_key or config.marketplace.BITSKINS_API_KEY
                              ^^^^^^^^^^^^^^^^^^
  File "D:\dmarket_trading_bot\.venv\Lib\site-packages\pydantic\main.py", line 891, in __getattr__
    raise AttributeError(f'{type(self).__name__!r} object has no attribute {item!r}')
AttributeError: 'Config' object has no attribute 'marketplace'
2025-04-10 15:30:03 - trading_facade - ERROR - Ошибка при инициализации интегратора торговых площадок: 'Config' object has no attribute 'marketplace'
Traceback (most recent call last):
  File "D:\dmarket_trading_bot\trading_facade.py", line 321, in _init_marketplace
    return MarketplaceIntegrator(
           ^^^^^^^^^^^^^^^^^^^^^^
  File "D:\dmarket_trading_bot\utils\marketplace_integrator.py", line 74, in __init__
    self.marketplace_aggregator = MarketplaceAggregator(
                                  ^^^^^^^^^^^^^^^^^^^^^^
  File "D:\dmarket_trading_bot\utils\marketplace_api.py", line 684, in __init__
    self.bitskins = BitskinsPricer(api_key=bitskins_api_key)
                    ^^^^^^^^^^^^^^^^^^^^^^^^^^^^^^^^^^^^^^^^
  File "D:\dmarket_trading_bot\utils\marketplace_api.py", line 210, in __init__
    self.api_key = api_key or config.marketplace.BITSKINS_API_KEY
                              ^^^^^^^^^^^^^^^^^^
  File "D:\dmarket_trading_bot\.venv\Lib\site-packages\pydantic\main.py", line 891, in __getattr__
    raise AttributeError(f'{type(self).__name__!r} object has no attribute {item!r}')
AttributeError: 'Config' object has no attribute 'marketplace'
